Run at UTC Sat Nov  8 20:29:39 UTC 2025
Run at UTC Sun Nov  9 16:42:04 UTC 2025
Run at UTC Mon Nov 10 16:49:26 UTC 2025
Run at UTC Tue Nov 11 16:48:27 UTC 2025
Run at UTC Wed Nov 12 16:50:25 UTC 2025
Run at UTC Thu Nov 13 16:48:40 UTC 2025
Run at UTC Fri Nov 14 16:48:38 UTC 2025
Run at UTC Sat Nov 15 16:41:52 UTC 2025
Run at UTC Sun Nov 16 16:42:52 UTC 2025
Run at UTC Mon Nov 17 16:50:42 UTC 2025
Run at UTC Tue Nov 18 16:51:06 UTC 2025
Run at UTC Wed Nov 19 16:49:25 UTC 2025
Run at UTC Thu Nov 20 16:49:53 UTC 2025
Run at UTC Fri Nov 21 16:44:44 UTC 2025
Run at UTC Sat Nov 22 16:43:24 UTC 2025
Run at UTC Sun Nov 23 16:43:30 UTC 2025
Run at UTC Mon Nov 24 16:45:03 UTC 2025
Run at UTC Tue Nov 25 16:51:47 UTC 2025
Run at UTC Wed Nov 26 16:49:51 UTC 2025
Run at UTC Thu Nov 27 16:46:54 UTC 2025
Run at UTC Fri Nov 28 16:46:02 UTC 2025
